2025-06-24T07:50:14.006+03:00  INFO 14840 --- [mystudybudy] [restartedMain] c.m.mystudybudy.MystudybudyApplication   : Starting MystudybudyApplication using Java 21.0.1 with PID 14840 (C:\Users\elvoy\OneDrive\Desktop\mystudybuddy\backend\target\classes started by elvoy in C:\Users\elvoy\OneDrive\Desktop\mystudybuddy\backend)
2025-06-24T07:50:14.192+03:00  INFO 14840 --- [mystudybudy] [restartedMain] c.m.mystudybudy.MystudybudyApplication   : No active profile set, falling back to 1 default profile: "default"
2025-06-24T07:50:15.238+03:00  INFO 14840 --- [mystudybudy] [restartedMain] .e.DevToolsPropertyDefaultsPostProcessor : Devtools property defaults active! Set 'spring.devtools.add-properties' to 'false' to disable
2025-06-24T07:50:15.327+03:00  INFO 14840 --- [mystudybudy] [restartedMain] .e.DevToolsPropertyDefaultsPostProcessor : For additional web related logging consider setting the 'logging.level.web' property to 'DEBUG'
2025-06-24T07:50:38.898+03:00  INFO 14840 --- [mystudybudy] [restartedMain] .s.d.r.c.RepositoryConfigurationDelegate : Bootstrapping Spring Data JPA repositories in DEFAULT mode.
2025-06-24T07:50:39.512+03:00  INFO 14840 --- [mystudybudy] [restartedMain] .s.d.r.c.RepositoryConfigurationDelegate : Finished Spring Data repository scanning in 424 ms. Found 3 JPA repository interfaces.
2025-06-24T07:50:42.560+03:00  INFO 14840 --- [mystudybudy] [restartedMain] o.s.b.w.embedded.tomcat.TomcatWebServer  : Tomcat initialized with port 8080 (http)
2025-06-24T07:50:42.602+03:00  INFO 14840 --- [mystudybudy] [restartedMain] o.apache.catalina.core.StandardService   : Starting service [Tomcat]
2025-06-24T07:50:42.605+03:00  INFO 14840 --- [mystudybudy] [restartedMain] o.apache.catalina.core.StandardEngine    : Starting Servlet engine: [Apache Tomcat/10.1.36]
2025-06-24T07:50:42.739+03:00  INFO 14840 --- [mystudybudy] [restartedMain] o.a.c.c.C.[Tomcat].[localhost].[/]       : Initializing Spring embedded WebApplicationContext
2025-06-24T07:50:42.740+03:00  INFO 14840 --- [mystudybudy] [restartedMain] w.s.c.ServletWebServerApplicationContext : Root WebApplicationContext: initialization completed in 27367 ms
2025-06-24T07:50:42.888+03:00  WARN 14840 --- [mystudybudy] [restartedMain] JpaBaseConfiguration$JpaWebConfiguration : spring.jpa.open-in-view is enabled by default. Therefore, database queries may be performed during view rendering. Explicitly configure spring.jpa.open-in-view to disable this warning
2025-06-24T07:50:44.112+03:00  INFO 14840 --- [mystudybudy] [restartedMain] o.s.o.j.p.SpringPersistenceUnitInfo      : No LoadTimeWeaver setup: ignoring JPA class transformer
2025-06-24T07:50:44.198+03:00  INFO 14840 --- [mystudybudy] [restartedMain] com.zaxxer.hikari.HikariDataSource       : HikariPool-1 - Starting...
2025-06-24T07:50:44.703+03:00  INFO 14840 --- [mystudybudy] [restartedMain] com.zaxxer.hikari.pool.HikariPool        : HikariPool-1 - Added connection com.mysql.cj.jdbc.ConnectionImpl@b9ab818
2025-06-24T07:50:44.708+03:00  INFO 14840 --- [mystudybudy] [restartedMain] com.zaxxer.hikari.HikariDataSource       : HikariPool-1 - Start completed.
2025-06-24T07:50:47.546+03:00  INFO 14840 --- [mystudybudy] [restartedMain] j.LocalContainerEntityManagerFactoryBean : Initialized JPA EntityManagerFactory for persistence unit 'default'
2025-06-24T07:50:48.022+03:00 DEBUG 14840 --- [mystudybudy] [restartedMain] .m.m.a.ExceptionHandlerExceptionResolver : ControllerAdvice beans: 1 @ExceptionHandler, 1 ResponseBodyAdvice
2025-06-24T07:50:49.252+03:00 DEBUG 14840 --- [mystudybudy] [restartedMain] swordEncoderAuthenticationManagerBuilder : No authenticationProviders and no parentAuthenticationManager defined. Returning null.
2025-06-24T07:50:49.564+03:00 DEBUG 14840 --- [mystudybudy] [restartedMain] s.w.s.m.m.a.RequestMappingHandlerMapping : 8 mappings in 'requestMappingHandlerMapping'
2025-06-24T07:50:49.633+03:00 DEBUG 14840 --- [mystudybudy] [restartedMain] o.s.w.s.handler.SimpleUrlHandlerMapping  : Patterns [/webjars/**, /**] in 'resourceHandlerMapping'
2025-06-24T07:50:49.774+03:00 DEBUG 14840 --- [mystudybudy] [restartedMain] o.s.s.web.DefaultSecurityFilterChain     : Will secure any request with filters: DisableEncodeUrlFilter, WebAsyncManagerIntegrationFilter, SecurityContextHolderFilter, HeaderWriterFilter, CorsFilter, LogoutFilter, OAuth2AuthorizationRequestRedirectFilter, OAuth2LoginAuthenticationFilter, JWTTokenValidator, RequestCacheAwareFilter, SecurityContextHolderAwareRequestFilter, SessionManagementFilter, ExceptionTranslationFilter, AuthorizationFilter
2025-06-24T07:50:50.026+03:00 DEBUG 14840 --- [mystudybudy] [restartedMain] s.w.s.m.m.a.RequestMappingHandlerAdapter : ControllerAdvice beans: 0 @ModelAttribute, 0 @InitBinder, 1 RequestBodyAdvice, 1 ResponseBodyAdvice
2025-06-24T07:50:50.501+03:00  INFO 14840 --- [mystudybudy] [restartedMain] o.s.b.d.a.OptionalLiveReloadServer       : LiveReload server is running on port 35729
2025-06-24T07:50:50.605+03:00  INFO 14840 --- [mystudybudy] [restartedMain] o.s.b.w.embedded.tomcat.TomcatWebServer  : Tomcat started on port 8080 (http) with context path '/'
2025-06-24T07:50:50.623+03:00  INFO 14840 --- [mystudybudy] [restartedMain] c.m.mystudybudy.MystudybudyApplication   : Started MystudybudyApplication in 39.349 seconds (process running for 42.406)
2025-06-24T07:51:06.397+03:00  INFO 14840 --- [mystudybudy] [http-nio-8080-exec-1] o.a.c.c.C.[Tomcat].[localhost].[/]       : Initializing Spring DispatcherServlet 'dispatcherServlet'
2025-06-24T07:51:06.399+03:00  INFO 14840 --- [mystudybudy] [http-nio-8080-exec-1] o.s.web.servlet.DispatcherServlet        : Initializing Servlet 'dispatcherServlet'
2025-06-24T07:51:06.400+03:00 DEBUG 14840 --- [mystudybudy] [http-nio-8080-exec-1] o.s.web.servlet.DispatcherServlet        : Detected StandardServletMultipartResolver
2025-06-24T07:51:06.400+03:00 DEBUG 14840 --- [mystudybudy] [http-nio-8080-exec-1] o.s.web.servlet.DispatcherServlet        : Detected AcceptHeaderLocaleResolver
2025-06-24T07:51:06.401+03:00 DEBUG 14840 --- [mystudybudy] [http-nio-8080-exec-1] o.s.web.servlet.DispatcherServlet        : Detected FixedThemeResolver
2025-06-24T07:51:06.403+03:00 DEBUG 14840 --- [mystudybudy] [http-nio-8080-exec-1] o.s.web.servlet.DispatcherServlet        : Detected org.springframework.web.servlet.view.DefaultRequestToViewNameTranslator@5e61b946
2025-06-24T07:51:06.405+03:00 DEBUG 14840 --- [mystudybudy] [http-nio-8080-exec-1] o.s.web.servlet.DispatcherServlet        : Detected org.springframework.web.servlet.support.SessionFlashMapManager@5e22d380
2025-06-24T07:51:06.411+03:00 DEBUG 14840 --- [mystudybudy] [http-nio-8080-exec-1] o.s.web.servlet.DispatcherServlet        : enableLoggingRequestDetails='false': request parameters and headers will be masked to prevent unsafe logging of potentially sensitive data
2025-06-24T07:51:06.412+03:00  INFO 14840 --- [mystudybudy] [http-nio-8080-exec-1] o.s.web.servlet.DispatcherServlet        : Completed initialization in 12 ms
2025-06-24T07:51:06.465+03:00 DEBUG 14840 --- [mystudybudy] [http-nio-8080-exec-1] o.s.security.web.FilterChainProxy        : Securing GET /oauth2/authorization/google?redirect_uri=http://localhost:5173/oauth2/redirect
2025-06-24T07:51:06.586+03:00 DEBUG 14840 --- [mystudybudy] [http-nio-8080-exec-1] o.s.s.web.DefaultRedirectStrategy        : Redirecting to https://accounts.google.com/o/oauth2/v2/auth?response_type=code&client_id=765948247890-gjb3429dnksvc6nu900m66qjiuobu9kd.apps.googleusercontent.com&scope=openid%20profile%20email&state=Rt5CZXzlBbfFrqt3xyJrFFfrKUugv7ih1-xtflhg-zM%3D&redirect_uri=http://localhost:8080/login/oauth2/code/google&nonce=C1LqD6XmIHmex4_t7F4c-4vXJvdHXnSaPp57zOY6auk
2025-06-24T07:51:09.869+03:00 DEBUG 14840 --- [mystudybudy] [http-nio-8080-exec-2] o.s.security.web.FilterChainProxy        : Securing GET /login/oauth2/code/google?state=Rt5CZXzlBbfFrqt3xyJrFFfrKUugv7ih1-xtflhg-zM%3D&code=4%2F0AUJR-x4YwkfpqgfYbXTfUE25KJdBxX7I2_bQm9zSXIzNju-x7Hj6Em7iHwYy4qanPANHFg&scope=email+profile+openid+https%3A%2F%2Fwww.googleapis.com%2Fauth%2Fuserinfo.profile+https%3A%2F%2Fwww.googleapis.com%2Fauth%2Fuserinfo.email&authuser=0&prompt=none
2025-06-24T07:51:10.185+03:00 DEBUG 14840 --- [mystudybudy] [http-nio-8080-exec-2] o.s.web.client.RestTemplate              : HTTP POST https://www.googleapis.com/oauth2/v4/token
2025-06-24T07:51:10.200+03:00 DEBUG 14840 --- [mystudybudy] [http-nio-8080-exec-2] o.s.web.client.RestTemplate              : Accept=[application/json, application/*+json]
2025-06-24T07:51:10.202+03:00 DEBUG 14840 --- [mystudybudy] [http-nio-8080-exec-2] o.s.web.client.RestTemplate              : Writing [{grant_type=[authorization_code], code=[4/0AUJR-x4YwkfpqgfYbXTfUE25KJdBxX7I2_bQm9zSXIzNju-x7Hj6Em7iHwYy4qanPANHFg], redirect_uri=[http://localhost:8080/login/oauth2/code/google]}] as "application/x-www-form-urlencoded;charset=UTF-8"
2025-06-24T07:51:12.504+03:00 DEBUG 14840 --- [mystudybudy] [http-nio-8080-exec-2] o.s.web.client.RestTemplate              : Response 200 OK
2025-06-24T07:51:12.514+03:00 DEBUG 14840 --- [mystudybudy] [http-nio-8080-exec-2] o.s.web.client.RestTemplate              : Reading to [org.springframework.security.oauth2.core.endpoint.OAuth2AccessTokenResponse] as "application/json;charset=utf-8"
2025-06-24T07:51:12.882+03:00 DEBUG 14840 --- [mystudybudy] [http-nio-8080-exec-2] o.s.web.client.RestTemplate              : HTTP GET https://www.googleapis.com/oauth2/v3/certs
2025-06-24T07:51:12.887+03:00 DEBUG 14840 --- [mystudybudy] [http-nio-8080-exec-2] o.s.web.client.RestTemplate              : Accept=[text/plain, application/json, application/*+json, */*]
2025-06-24T07:51:13.368+03:00 DEBUG 14840 --- [mystudybudy] [http-nio-8080-exec-2] o.s.web.client.RestTemplate              : Response 200 OK
2025-06-24T07:51:13.370+03:00 DEBUG 14840 --- [mystudybudy] [http-nio-8080-exec-2] o.s.web.client.RestTemplate              : Reading to [java.lang.String] as "application/json;charset=UTF-8"
2025-06-24T07:51:13.444+03:00 DEBUG 14840 --- [mystudybudy] [http-nio-8080-exec-2] .s.a.DefaultAuthenticationEventPublisher : No event was found for the exception org.springframework.security.oauth2.core.OAuth2AuthenticationException
2025-06-24T07:51:13.447+03:00 DEBUG 14840 --- [mystudybudy] [http-nio-8080-exec-2] o.s.s.web.DefaultRedirectStrategy        : Redirecting to /login?error
2025-06-24T07:51:13.471+03:00 DEBUG 14840 --- [mystudybudy] [http-nio-8080-exec-4] o.s.security.web.FilterChainProxy        : Securing GET /login?error
2025-06-24T07:51:13.478+03:00 DEBUG 14840 --- [mystudybudy] [http-nio-8080-exec-4] o.s.security.web.FilterChainProxy        : Secured GET /login?error
2025-06-24T07:51:13.486+03:00 DEBUG 14840 --- [mystudybudy] [http-nio-8080-exec-4] o.s.web.servlet.DispatcherServlet        : GET "/login?error", parameters={masked}
2025-06-24T07:51:13.495+03:00 DEBUG 14840 --- [mystudybudy] [http-nio-8080-exec-4] o.s.w.s.handler.SimpleUrlHandlerMapping  : Mapped to ResourceHttpRequestHandler [classpath [META-INF/resources/], classpath [resources/], classpath [static/], classpath [public/], ServletContext [/]]
2025-06-24T07:51:13.513+03:00 DEBUG 14840 --- [mystudybudy] [http-nio-8080-exec-4] o.s.w.s.r.ResourceHttpRequestHandler     : Resource not found
2025-06-24T07:51:13.523+03:00 DEBUG 14840 --- [mystudybudy] [http-nio-8080-exec-4] .w.s.m.s.DefaultHandlerExceptionResolver : Resolved [org.springframework.web.servlet.resource.NoResourceFoundException: No static resource login.]
2025-06-24T07:51:13.524+03:00 DEBUG 14840 --- [mystudybudy] [http-nio-8080-exec-4] o.s.web.servlet.DispatcherServlet        : Completed 404 NOT_FOUND
2025-06-24T07:51:13.543+03:00 DEBUG 14840 --- [mystudybudy] [http-nio-8080-exec-4] o.s.security.web.FilterChainProxy        : Securing GET /error?error
2025-06-24T07:51:13.546+03:00 DEBUG 14840 --- [mystudybudy] [http-nio-8080-exec-4] o.s.s.w.access.AccessDeniedHandlerImpl   : Responding with 403 status code
2025-06-24T08:14:54.476+03:00  INFO 14840 --- [mystudybudy] [SpringApplicationShutdownHook] o.s.b.w.e.tomcat.GracefulShutdown        : Commencing graceful shutdown. Waiting for active requests to complete
2025-06-24T08:14:54.813+03:00  INFO 14840 --- [mystudybudy] [tomcat-shutdown] o.s.b.w.e.tomcat.GracefulShutdown        : Graceful shutdown complete
2025-06-24T08:14:55.134+03:00  INFO 14840 --- [mystudybudy] [SpringApplicationShutdownHook] j.LocalContainerEntityManagerFactoryBean : Closing JPA EntityManagerFactory for persistence unit 'default'
2025-06-24T08:14:55.547+03:00  INFO 14840 --- [mystudybudy] [SpringApplicationShutdownHook] com.zaxxer.hikari.HikariDataSource       : HikariPool-1 - Shutdown initiated...
2025-06-24T08:14:55.820+03:00  INFO 14840 --- [mystudybudy] [SpringApplicationShutdownHook] com.zaxxer.hikari.HikariDataSource       : HikariPool-1 - Shutdown completed.
